[Pass 1 time: 0.007 sec     tokenize]
[Pass 2 time: 0.001 sec     KBFuncs]
[Pass 3 time: 0.002 sec     kbInit]
[Pass 4 time: 0.001 sec     funcs]
[Pass 5 time: 0.004 sec     Lines]
[Pass 6 time: 0.003 sec     links]
[Pass 7 time: 0.003 sec     listItem]
[Pass 8 time: 0.004 sec     cleanText]
[Pass 9 time: 0.004 sec     RemoveSpaceItems]
[Pass 10 time: 0.003 sec     RemoveSpaceLines]
[Pass 11 time: 0.003 sec     definition]
[Pass 12 time: 0.003 sec     header]
[Pass 13 time: 0.003 sec     headerZone]
[Pass 14 time: 0.001 sec     allDefItems]
[Pass 15 time: 0.004 sec     labelZones]
[Pass 16 time: 0.004 sec     defZone]
[Pass 17 time: 0.003 sec     word]
[Pass 18 time: 0.004 sec     posZone]
[Pass 19 time: 0.005 sec     kbZones]
[Pass 20 time: 0.003 sec     pos]
[Pass 21 time: 0.004 sec     phonemics]
[Pass 22 time: 0.004 sec     phonetics]
[Pass 23 time: 0.007 sec     kbPhonetics]
[Pass 24 time: 0.004 sec     kbPhonemics]
[Pass 25 time: 0.003 sec     synonyms]
[Pass 26 time: 0.005 sec     kbSynonyms]
[Pass 27 time: 0.006 sec     derivedTerms]
[Pass 28 time: 0.003 sec     kbDerivedTerms]
[Pass 29 time: 0.004 sec     transLang]
[Pass 30 time: 0.003 sec     translations]
[Pass 31 time: 0.004 sec     kbTranslations]
[Pass 32 time: 0.003 sec     kbDef]
[Pass 33 time: 0.003 sec     kbExp]
[Pass 34 time: 0.001 sec     defText]
[Pass 35 time: 0.003 sec     kbDefText]
[Pass 36 time: 0.004 sec     defVariations]
[Pass 37 time: 0.001 sec     kbdefVariations]
[Pass 38 time: 0.003 sec     kbExample]
[Pass 39 time: 0.008 sec     output]
[Pass 40 time: 0.006 sec     XML]
[Input file: c:\Dev\Analyzers\NepWiktionary\input\words\answer.txt]
[Total passes: 40
[Total time: 0.146 sec]
[Time per 1000 chars (0.146/847): 0.172373 sec]
[Time per pass per 1000 chars: 0.00430933]
infile  passes tottime length tot/1000 tot/pass/1000
c:\Dev\Analyzers\NepWiktionary\input\words\answer.txt	40	0.146	847	0.172373	0.00430933
[Clean time: 0.001 sec]
