[Pass 1 time: 0.023 sec     tokenize]
[Pass 2 time: 0.002 sec     KBFuncs]
[Pass 3 time: 0.001 sec     kbInit]
[Pass 4 time: 0.002 sec     funcs]
[Pass 5 time: 0.014 sec     Lines]
[Pass 6 time: 0.012 sec     links]
[Pass 7 time: 0.011 sec     listItem]
[Pass 8 time: 0.011 sec     cleanText]
[Pass 9 time: 0.009 sec     RemoveSpaceItems]
[Pass 10 time: 0.009 sec     RemoveSpaceLines]
[Pass 11 time: 0.008 sec     definition]
[Pass 12 time: 0.009 sec     header]
[Pass 13 time: 0.009 sec     headerZone]
[Pass 14 time: 0.001 sec     allDefItems]
[Pass 15 time: 0.01 sec     labelZones]
[Pass 16 time: 0.011 sec     defZone]
[Pass 17 time: 0.009 sec     word]
[Pass 18 time: 0.008 sec     posZone]
[Pass 19 time: 0.009 sec     kbZones]
[Pass 20 time: 0.016 sec     pos]
[Pass 21 time: 0.014 sec     phonemics]
[Pass 22 time: 0.007 sec     phonetics]
[Pass 23 time: 0.009 sec     kbPhonetics]
[Pass 24 time: 0.008 sec     kbPhonemics]
[Pass 25 time: 0.008 sec     synonyms]
[Pass 26 time: 0.009 sec     kbSynonyms]
[Pass 27 time: 0.009 sec     derivedTerms]
[Pass 28 time: 0.016 sec     kbDerivedTerms]
[Pass 29 time: 0.008 sec     transLang]
[Pass 30 time: 0.008 sec     translations]
[Pass 31 time: 0.009 sec     kbTranslations]
[Pass 32 time: 0.008 sec     kbDef]
[Pass 33 time: 0.009 sec     kbExp]
[Pass 34 time: 0.001 sec     defText]
[Pass 35 time: 0.009 sec     kbDefText]
[Pass 36 time: 0.009 sec     defVariations]
[Pass 37 time: 0.001 sec     kbdefVariations]
[Pass 38 time: 0.01 sec     kbExample]
[Pass 39 time: 0.018 sec     output]
[Pass 40 time: 0.012 sec     XML]
[Input file: c:\Dev\Analyzers\NepWiktionary\input\words\thought.txt]
[Total passes: 40
[Total time: 0.367 sec]
[Time per 1000 chars (0.367/2841): 0.12918 sec]
[Time per pass per 1000 chars: 0.0032295]
infile  passes tottime length tot/1000 tot/pass/1000
c:\Dev\Analyzers\NepWiktionary\input\words\thought.txt	40	0.367	2841	0.12918	0.0032295
[Clean time: 0.002 sec]
